#-----------------------------------------------------------
# Vivado v2021.1 (64-bit)
# SW Build 3247384 on Thu Jun 10 19:36:33 MDT 2021
# IP Build 3246043 on Fri Jun 11 00:30:35 MDT 2021
# Start of session at: Mon Oct 25 08:58:24 2021
# Process ID: 18120
# Current directory: C:/Users/asvam/vivado projects/synchronous_counter
# Command line: vivado.exe -gui_launcher_event rodinguilauncherevent15896 C:\Users\asvam\vivado projects\synchronous_counter\synchronous_counter.xpr
# Log file: C:/Users/asvam/vivado projects/synchronous_counter/vivado.log
# Journal file: C:/Users/asvam/vivado projects/synchronous_counter\vivado.jou
#-----------------------------------------------------------
start_gui
open_project {C:/Users/asvam/vivado projects/synchronous_counter/synchronous_counter.xpr}
WARNING: [filemgmt 56-3] Default IP Output Path : Could not find the directory 'C:/Users/asvam/vivado projects/synchronous_counter/synchronous_counter.gen/sources_1'.
Scanning sources...
Finished scanning sources
INFO: [IP_Flow 19-234] Refreshing IP repositories
INFO: [IP_Flow 19-1704] No user IP repositories specified
INFO: [Common 17-41] Interrupt caught. Command should exit soon.
INFO: [IP_Flow 19-2313] Loaded Vivado IP repository 'C:/Xilinx/Vivado/2021.1/data/ip'.
INFO: [IP_Flow 19-2338] Canceling the changes to the IP catalog. Reverting the catalog back to its previous state.
INFO: [IP_Flow 19-2340] The IP catalog has been returned to its previous state.
INFO: [Common 17-344] 'open_project' was cancelled
exit
INFO: [Common 17-206] Exiting Vivado at Mon Oct 25 08:59:52 2021...
