#-----------------------------------------------------------
# Vivado v2021.1 (64-bit)
# SW Build 3247384 on Thu Jun 10 19:36:33 MDT 2021
# IP Build 3246043 on Fri Jun 11 00:30:35 MDT 2021
# Start of session at: Mon Nov 22 09:53:03 2021
# Process ID: 12632
# Current directory: C:/Users/asvam/vivado projects/PES1UG20EC002
# Command line: vivado.exe -gui_launcher_event rodinguilauncherevent11848 C:\Users\asvam\vivado projects\PES1UG20EC002\PES1UG20EC002.xpr
# Log file: C:/Users/asvam/vivado projects/PES1UG20EC002/vivado.log
# Journal file: C:/Users/asvam/vivado projects/PES1UG20EC002\vivado.jou
#-----------------------------------------------------------
start_gui
open_project {C:/Users/asvam/vivado projects/PES1UG20EC002/PES1UG20EC002.xpr}
WARNING: [filemgmt 56-3] Default IP Output Path : Could not find the directory 'C:/Users/asvam/vivado projects/PES1UG20EC002/PES1UG20EC002.gen/sources_1'.
Scanning sources...
Finished scanning sources
INFO: [IP_Flow 19-234] Refreshing IP repositories
INFO: [IP_Flow 19-1704] No user IP repositories specified
INFO: [IP_Flow 19-2313] Loaded Vivado IP repository 'C:/Xilinx/Vivado/2021.1/data/ip'.
open_project: Time (s): cpu = 00:00:21 ; elapsed = 00:00:07 . Memory (MB): peak = 1135.023 ; gain = 0.000
update_compile_order -fileset sources_1
exit
