Copyright 1986-2021 Xilinx, Inc. All Rights Reserved.
--------------------------------------------------------------------------------------------------------------------------------------------------------------------------------------------------
| Tool Version : Vivado v.2021.1 (win64) Build 3247384 Thu Jun 10 19:36:33 MDT 2021
| Date         : Mon Sep 20 09:42:43 2021
| Host         : LAPTOP-3OV3F1MU running 64-bit major release  (build 9200)
| Command      : report_methodology -file encoder_8x1_priority_methodology_drc_routed.rpt -pb encoder_8x1_priority_methodology_drc_routed.pb -rpx encoder_8x1_priority_methodology_drc_routed.rpx
| Design       : encoder_8x1_priority
| Device       : xc7a35tcpg236-1
| Speed File   : -1
| Design State : Fully Routed
--------------------------------------------------------------------------------------------------------------------------------------------------------------------------------------------------

Report Methodology

Table of Contents
-----------------
1. REPORT SUMMARY
2. REPORT DETAILS

1. REPORT SUMMARY
-----------------
            Netlist: netlist
          Floorplan: design_1
      Design limits: <entire design considered>
             Max violations: <unlimited>
             Violations found: 1
+-----------+----------+-------------------+------------+
| Rule      | Severity | Description       | Violations |
+-----------+----------+-------------------+------------+
| TIMING-20 | Warning  | Non-clocked latch | 1          |
+-----------+----------+-------------------+------------+

2. REPORT DETAILS
-----------------
TIMING-20#1 Warning
Non-clocked latch  
The latch dout_OBUFT[2]_inst_i_2 cannot be properly analyzed as its control pin dout_OBUFT[2]_inst_i_2/G is not reached by a timing clock
Related violations: <none>


